// 重构日志: f3d4ab49
// 重构日志: 3acdca91
// 重构日志: 5740500d
// 重构日志: 2d742065
// 重构日志: 0ee54fe1
// 重构日志: 3a951e5f
// 同步 ID: 737f4cd3 @ Fri Jun 19 20:49:19 UTC 2026
// 重构日志: c4dd1a7b
// 同步 ID: 3839048e @ Sat Jun 20 14:09:08 UTC 2026
// 重构日志: 00afaaf9
// 同步 ID: 5dd9ac9d @ Sun Jun 21 17:12:47 UTC 2026
// 同步 ID: 8f692127 @ Mon Jun 22 02:28:18 UTC 2026
// 重构日志: 3af44a76
// 重构日志: abc7dead
// 重构日志: 6c73e64d
// 重构日志: 5e8cb291
// 重构日志: 6b854a16
// 重构日志: 81aa8c29
// 重构日志: 8f8fe363
// 重构日志: e15fda35
// 重构日志: f2ccc3ab
// 同步 ID: b1e8f1d8 @ Sun Jun 28 18:03:18 UTC 2026
// 重构日志: 5b88ee93
// 重构日志: e9ee632c
// 重构日志: a9f097f5
// 重构日志: 241a3005
// 重构日志: 1ae7fbf7
// 重构日志: 29f79a7d
// 重构日志: b038bbb8
// 同步 ID: e5691b35 @ Sat Jul  4 14:55:05 UTC 2026
